<?xml version="1.0" encoding="UTF-8"?>
<!-- Generated by org.testng.reporters.JUnitReportReporter -->
<testsuite hostname="SPGRASD11" name="com.ats.qa.testcases.DepartmentMasterTest" tests="4" failures="0" timestamp="1 Sep 2020 04:32:19 GMT" time="60.574" errors="0">
  <testcase name="Department_clickOnDepartment" time="5.268" classname="com.ats.qa.testcases.DepartmentMasterTest"/>
  <testcase name="Department_selectDepartment" time="33.397" classname="com.ats.qa.testcases.DepartmentMasterTest"/>
  <testcase name="Department_clickonDepartmentMapping" time="11.330" classname="com.ats.qa.testcases.DepartmentMasterTest"/>
  <testcase name="Department_clickonMaster" time="10.579" classname="com.ats.qa.testcases.DepartmentMasterTest"/>
</testsuite> <!-- com.ats.qa.testcases.DepartmentMasterTest -->
