<?xml version="1.0" encoding="UTF-8"?>
<!-- Generated by org.testng.reporters.JUnitReportReporter -->
<testsuite hostname="SPGRASD11" name="AssesmentQualifyingCriteria.AssesmentQualifyingCriteriaTest" tests="1" failures="0" timestamp="28 Aug 2020 07:27:26 GMT" time="37.671" errors="0">
  <testcase name="Assesmentqualifyingcriteria" time="37.671" classname="AssesmentQualifyingCriteria.AssesmentQualifyingCriteriaTest"/>
</testsuite> <!-- AssesmentQualifyingCriteria.AssesmentQualifyingCriteriaTest -->
