<?xml version="1.0" encoding="UTF-8"?>
<!-- Generated by org.testng.reporters.JUnitReportReporter -->
<testsuite hostname="SPGRASD11" name="com.ats.qa.testcases.LocationMasterTest" tests="3" failures="0" timestamp="29 Aug 2020 07:29:56 GMT" time="22.605" errors="0">
  <testcase name="Locationmaster_clickonDesignationmaster" time="3.365" classname="com.ats.qa.testcases.LocationMasterTest"/>
  <testcase name="Locationmaster_clickonMaster" time="8.754" classname="com.ats.qa.testcases.LocationMasterTest"/>
  <testcase name="Locationmaster_clickonEnterdetails" time="10.486" classname="com.ats.qa.testcases.LocationMasterTest"/>
</testsuite> <!-- com.ats.qa.testcases.LocationMasterTest -->
