<?xml version="1.0" encoding="UTF-8"?>
<!-- Generated by org.testng.reporters.JUnitReportReporter -->
<testsuite hostname="SPGRASD11" name="com.ats.qa.testcases.ExcludeAssesmentFromSelectionMatrixTest" tests="7" failures="0" timestamp="1 Sep 2020 04:32:19 GMT" time="33.271" errors="0">
  <testcase name="ExcludeassementfromselectionMatrix_getAsssesmentType" time="2.424" classname="com.ats.qa.testcases.ExcludeAssesmentFromSelectionMatrixTest"/>
  <testcase name="ExcludeassementfromselectionMatrix_getsave" time="2.382" classname="com.ats.qa.testcases.ExcludeAssesmentFromSelectionMatrixTest"/>
  <testcase name="ExcludeassementfromselectionMatrix_getCostcenter" time="2.452" classname="com.ats.qa.testcases.ExcludeAssesmentFromSelectionMatrixTest"/>
  <testcase name="ExcludeassementfromselectionMatrix_getAssesmentMatrix" time="12.720" classname="com.ats.qa.testcases.ExcludeAssesmentFromSelectionMatrixTest"/>
  <testcase name="ExcludeassementfromselectionMatrix_getDepartment" time="2.312" classname="com.ats.qa.testcases.ExcludeAssesmentFromSelectionMatrixTest"/>
  <testcase name="ExcludeassementfromselectionMatrix_getdelete" time="6.444" classname="com.ats.qa.testcases.ExcludeAssesmentFromSelectionMatrixTest"/>
  <testcase name="ExcludeassementfromselectionMatrix_getHomebutton" time="4.537" classname="com.ats.qa.testcases.ExcludeAssesmentFromSelectionMatrixTest"/>
</testsuite> <!-- com.ats.qa.testcases.ExcludeAssesmentFromSelectionMatrixTest -->
